<?xml version="1.0" encoding="UTF-8"?>
<!-- Generated by org.testng.reporters.JUnitReportReporter -->
<testsuite skipped="0" hostname="LAPTOP-BEN7RKBM" name="TestScripts.DriverScriptTest" tests="1" failures="0" timestamp="18 Oct 2018 20:46:32 GMT" time="823.812" errors="0">
  <testcase name="mainMethod" time="823.812" classname="TestScripts.DriverScriptTest"/>
</testsuite> <!-- TestScripts.DriverScriptTest -->
